<?xml version="1.0" encoding="UTF-8"?>
<robot generator="Robot 3.1.1 (Python 3.7.2 on darwin)" generated="20190321 13:49:29.782" rpa="false">
<suite id="s1" name="Local-Serv2" source="/Users/mac/Desktop/some_stuff/robotframework/local-serv2.robot">
<kw name="Open Browser" library="SeleniumLibrary" type="setup">
<doc>Opens a new browser instance to the given ``url``.</doc>
<arguments>
<arg>${mainProject}</arg>
<arg>${browser}</arg>
</arguments>
<msg timestamp="20190321 13:49:29.928" level="INFO">Opening browser 'Chrome' to base url 'localhost:3000'.</msg>
<status status="PASS" starttime="20190321 13:49:29.928" endtime="20190321 13:49:47.999"></status>
</kw>
<test id="s1-t1" name="Open a page">
<kw name="Open a login page">
<kw name="Maximize Browser Window" library="SeleniumLibrary">
<doc>Maximizes current browser window.</doc>
<status status="PASS" starttime="20190321 13:49:48.002" endtime="20190321 13:49:48.160"></status>
</kw>
<kw name="Title Should Be" library="SeleniumLibrary">
<doc>Verifies that current page title equals ``title``.</doc>
<arguments>
<arg>Muse</arg>
</arguments>
<msg timestamp="20190321 13:49:48.173" level="INFO">Page title is 'Muse'.</msg>
<status status="PASS" starttime="20190321 13:49:48.161" endtime="20190321 13:49:48.173"></status>
</kw>
<status status="PASS" starttime="20190321 13:49:48.002" endtime="20190321 13:49:48.173"></status>
</kw>
<status status="PASS" starttime="20190321 13:49:48.000" endtime="20190321 13:49:48.174" critical="yes"></status>
</test>
<test id="s1-t2" name="Create a dublicate user">
<kw name="Click to sign up">
<kw name="Click Link" library="SeleniumLibrary">
<doc>Clicks a link identified by ``locator``.</doc>
<arguments>
<arg>//*[contains(text(),"Sign Up")]</arg>
</arguments>
<msg timestamp="20190321 13:49:48.175" level="INFO">Clicking link '//*[contains(text(),"Sign Up")]'.</msg>
<status status="PASS" starttime="20190321 13:49:48.175" endtime="20190321 13:49:48.316"></status>
</kw>
<kw name="Wait Until Element Is Visible" library="SeleniumLibrary">
<doc>Waits until element ``locator`` is visible.</doc>
<arguments>
<arg>//*[contains(text(),"Log in")]</arg>
</arguments>
<status status="PASS" starttime="20190321 13:49:48.317" endtime="20190321 13:49:48.347"></status>
</kw>
<kw name="Input Text" library="SeleniumLibrary">
<doc>Types the given ``text`` into text field identified by ``locator``.</doc>
<arguments>
<arg>//*[@id="user_email"]</arg>
<arg>${email}</arg>
</arguments>
<msg timestamp="20190321 13:49:48.347" level="INFO">Typing text 'vova@mail.ru' into text field '//*[@id="user_email"]'.</msg>
<status status="PASS" starttime="20190321 13:49:48.347" endtime="20190321 13:49:48.455"></status>
</kw>
<kw name="Input Text" library="SeleniumLibrary">
<doc>Types the given ``text`` into text field identified by ``locator``.</doc>
<arguments>
<arg>//*[@id="user_name"]</arg>
<arg>${name}</arg>
</arguments>
<msg timestamp="20190321 13:49:48.456" level="INFO">Typing text 'admin' into text field '//*[@id="user_name"]'.</msg>
<status status="PASS" starttime="20190321 13:49:48.456" endtime="20190321 13:49:48.515"></status>
</kw>
<kw name="Input Text" library="SeleniumLibrary">
<doc>Types the given ``text`` into text field identified by ``locator``.</doc>
<arguments>
<arg>//*[@id="user_password"]</arg>
<arg>${password}</arg>
</arguments>
<msg timestamp="20190321 13:49:48.515" level="INFO">Typing text '123123' into text field '//*[@id="user_password"]'.</msg>
<status status="PASS" starttime="20190321 13:49:48.515" endtime="20190321 13:49:48.576"></status>
</kw>
<kw name="Input Text" library="SeleniumLibrary">
<doc>Types the given ``text`` into text field identified by ``locator``.</doc>
<arguments>
<arg>//*[@id="user_password_confirmation"]</arg>
<arg>${password}</arg>
</arguments>
<msg timestamp="20190321 13:49:48.577" level="INFO">Typing text '123123' into text field '//*[@id="user_password_confirmation"]'.</msg>
<status status="PASS" starttime="20190321 13:49:48.577" endtime="20190321 13:49:48.639"></status>
</kw>
<kw name="Click Button" library="SeleniumLibrary">
<doc>Clicks button identified by ``locator``.</doc>
<arguments>
<arg>//*[@value="Sign up"]</arg>
</arguments>
<msg timestamp="20190321 13:49:48.639" level="INFO">Clicking button '//*[@value="Sign up"]'.</msg>
<status status="PASS" starttime="20190321 13:49:48.639" endtime="20190321 13:49:48.910"></status>
</kw>
<kw name="Page Should Contain Element" library="SeleniumLibrary">
<doc>Verifies that element ``locator`` is found on the current page.</doc>
<arguments>
<arg>//div[contains(@class,"error")]</arg>
</arguments>
<msg timestamp="20190321 13:49:48.922" level="INFO">Current page contains element '//div[contains(@class,"error")]'.</msg>
<status status="PASS" starttime="20190321 13:49:48.911" endtime="20190321 13:49:48.922"></status>
</kw>
<kw name="Click Link" library="SeleniumLibrary">
<doc>Clicks a link identified by ``locator``.</doc>
<arguments>
<arg>//*[@href="/users/sign_in"]</arg>
</arguments>
<msg timestamp="20190321 13:49:48.922" level="INFO">Clicking link '//*[@href="/users/sign_in"]'.</msg>
<status status="PASS" starttime="20190321 13:49:48.922" endtime="20190321 13:49:49.076"></status>
</kw>
<status status="PASS" starttime="20190321 13:49:48.175" endtime="20190321 13:49:49.076"></status>
</kw>
<status status="PASS" starttime="20190321 13:49:48.174" endtime="20190321 13:49:49.077" critical="yes"></status>
</test>
<test id="s1-t3" name="Log like unique user">
<kw name="Logging in">
<kw name="Input Text" library="SeleniumLibrary">
<doc>Types the given ``text`` into text field identified by ``locator``.</doc>
<arguments>
<arg>//*[@id="user_email"]</arg>
<arg>${email}</arg>
</arguments>
<msg timestamp="20190321 13:49:49.078" level="INFO">Typing text 'vova@mail.ru' into text field '//*[@id="user_email"]'.</msg>
<status status="PASS" starttime="20190321 13:49:49.078" endtime="20190321 13:49:49.154"></status>
</kw>
<kw name="Input Text" library="SeleniumLibrary">
<doc>Types the given ``text`` into text field identified by ``locator``.</doc>
<arguments>
<arg>//*[@id="user_password"]</arg>
<arg>${password}</arg>
</arguments>
<msg timestamp="20190321 13:49:49.155" level="INFO">Typing text '123123' into text field '//*[@id="user_password"]'.</msg>
<status status="PASS" starttime="20190321 13:49:49.155" endtime="20190321 13:49:49.210"></status>
</kw>
<kw name="Click Button" library="SeleniumLibrary">
<doc>Clicks button identified by ``locator``.</doc>
<arguments>
<arg>//*[@name="commit"]</arg>
</arguments>
<msg timestamp="20190321 13:49:49.210" level="INFO">Clicking button '//*[@name="commit"]'.</msg>
<status status="PASS" starttime="20190321 13:49:49.210" endtime="20190321 13:49:49.879"></status>
</kw>
<status status="PASS" starttime="20190321 13:49:49.078" endtime="20190321 13:49:49.879"></status>
</kw>
<kw name="Wait Until Element Is Visible" library="SeleniumLibrary">
<doc>Waits until element ``locator`` is visible.</doc>
<arguments>
<arg>//*[contains(text(),"Signed in successfully.")]</arg>
</arguments>
<status status="PASS" starttime="20190321 13:49:49.880" endtime="20190321 13:49:49.905"></status>
</kw>
<kw name="Page Should Contain Element" library="SeleniumLibrary">
<doc>Verifies that element ``locator`` is found on the current page.</doc>
<arguments>
<arg>//*[@id="posts"]</arg>
</arguments>
<msg timestamp="20190321 13:49:49.915" level="INFO">Current page contains element '//*[@id="posts"]'.</msg>
<status status="PASS" starttime="20190321 13:49:49.906" endtime="20190321 13:49:49.916"></status>
</kw>
<kw name="Click Link" library="SeleniumLibrary">
<doc>Clicks a link identified by ``locator``.</doc>
<arguments>
<arg>//*[@href="/posts/new"]</arg>
</arguments>
<msg timestamp="20190321 13:49:49.916" level="INFO">Clicking link '//*[@href="/posts/new"]'.</msg>
<status status="PASS" starttime="20190321 13:49:49.916" endtime="20190321 13:49:50.054"></status>
</kw>
<kw name="Wait Until Page Contains" library="SeleniumLibrary">
<doc>Waits until ``text`` appears on current page.</doc>
<arguments>
<arg>Add new inspiration</arg>
</arguments>
<status status="PASS" starttime="20190321 13:49:50.054" endtime="20190321 13:49:50.067"></status>
</kw>
<status status="PASS" starttime="20190321 13:49:49.077" endtime="20190321 13:49:50.068" critical="yes"></status>
</test>
<test id="s1-t4" name="Create a post">
<kw name="Click Link" library="SeleniumLibrary">
<doc>Clicks a link identified by ``locator``.</doc>
<arguments>
<arg>//*[@href="/posts/new"]</arg>
</arguments>
<msg timestamp="20190321 13:49:50.069" level="INFO">Clicking link '//*[@href="/posts/new"]'.</msg>
<status status="PASS" starttime="20190321 13:49:50.069" endtime="20190321 13:49:50.189"></status>
</kw>
<kw name="Input Text" library="SeleniumLibrary">
<doc>Types the given ``text`` into text field identified by ``locator``.</doc>
<arguments>
<arg>//*[@id="post_title"]</arg>
<arg>${title}</arg>
</arguments>
<msg timestamp="20190321 13:49:50.190" level="INFO">Typing text 'test1' into text field '//*[@id="post_title"]'.</msg>
<status status="PASS" starttime="20190321 13:49:50.190" endtime="20190321 13:49:50.260"></status>
</kw>
<kw name="Input Text" library="SeleniumLibrary">
<doc>Types the given ``text`` into text field identified by ``locator``.</doc>
<arguments>
<arg>//*[@id="post_link"]</arg>
<arg>${link}</arg>
</arguments>
<msg timestamp="20190321 13:49:50.261" level="INFO">Typing text 'yandex.ru' into text field '//*[@id="post_link"]'.</msg>
<status status="PASS" starttime="20190321 13:49:50.261" endtime="20190321 13:49:50.329"></status>
</kw>
<kw name="Input Text" library="SeleniumLibrary">
<doc>Types the given ``text`` into text field identified by ``locator``.</doc>
<arguments>
<arg>//*[@id="post_description"]</arg>
<arg>${description}</arg>
</arguments>
<msg timestamp="20190321 13:49:50.329" level="INFO">Typing text 'lorem ipsum' into text field '//*[@id="post_description"]'.</msg>
<status status="PASS" starttime="20190321 13:49:50.329" endtime="20190321 13:49:50.402"></status>
</kw>
<kw name="Click Button" library="SeleniumLibrary">
<doc>Clicks button identified by ``locator``.</doc>
<arguments>
<arg>//*[@value="Create Post"]</arg>
</arguments>
<msg timestamp="20190321 13:49:50.403" level="INFO">Clicking button '//*[@value="Create Post"]'.</msg>
<status status="PASS" starttime="20190321 13:49:50.403" endtime="20190321 13:49:50.917"></status>
</kw>
<kw name="Click Link" library="SeleniumLibrary">
<doc>Clicks a link identified by ``locator``.</doc>
<arguments>
<arg>//*[@href="/"]</arg>
</arguments>
<msg timestamp="20190321 13:49:50.918" level="INFO">Clicking link '//*[@href="/"]'.</msg>
<status status="PASS" starttime="20190321 13:49:50.918" endtime="20190321 13:49:51.434"></status>
</kw>
<kw name="Log To Console" library="BuiltIn">
<doc>Logs the given message to the console.</doc>
<arguments>
<arg>Display to console while Robot is running</arg>
</arguments>
<status status="PASS" starttime="20190321 13:49:51.434" endtime="20190321 13:49:51.435"></status>
</kw>
<status status="PASS" starttime="20190321 13:49:50.068" endtime="20190321 13:49:51.435" critical="yes"></status>
</test>
<test id="s1-t5" name="Like post">
<kw name="Page Should Contain Element" library="SeleniumLibrary">
<doc>Verifies that element ``locator`` is found on the current page.</doc>
<arguments>
<arg>//*[@id="posts"]</arg>
</arguments>
<msg timestamp="20190321 13:49:51.444" level="INFO">Current page contains element '//*[@id="posts"]'.</msg>
<status status="PASS" starttime="20190321 13:49:51.436" endtime="20190321 13:49:51.444"></status>
</kw>
<kw name="Get Element Count" library="SeleniumLibrary">
<doc>Returns number of elements matching ``locator``.</doc>
<arguments>
<arg>//*[@id="posts"]/*</arg>
</arguments>
<assign>
<var>${count}</var>
</assign>
<msg timestamp="20190321 13:49:51.456" level="INFO">${count} = 11</msg>
<status status="PASS" starttime="20190321 13:49:51.444" endtime="20190321 13:49:51.456"></status>
</kw>
<kw name="${i} IN RANGE [ 1 | ${count}+1 ]" type="for">
<kw name="${i} = 1" type="foritem">
<kw name="Click Link" library="SeleniumLibrary">
<doc>Clicks a link identified by ``locator``.</doc>
<arguments>
<arg>//*[@href="/posts/${i}"]</arg>
</arguments>
<msg timestamp="20190321 13:49:51.458" level="INFO">Clicking link '//*[@href="/posts/1"]'.</msg>
<status status="PASS" starttime="20190321 13:49:51.457" endtime="20190321 13:49:51.972"></status>
</kw>
<kw name="Wait Until Element Is Visible" library="SeleniumLibrary">
<doc>Waits until element ``locator`` is visible.</doc>
<arguments>
<arg>//*[@href="/posts/${i}/like"]</arg>
</arguments>
<status status="PASS" starttime="20190321 13:49:51.972" endtime="20190321 13:49:51.993"></status>
</kw>
<kw name="Click Link" library="SeleniumLibrary">
<doc>Clicks a link identified by ``locator``.</doc>
<arguments>
<arg>//*[@href="/posts/${i}/like"]</arg>
</arguments>
<msg timestamp="20190321 13:49:51.994" level="INFO">Clicking link '//*[@href="/posts/1/like"]'.</msg>
<status status="PASS" starttime="20190321 13:49:51.993" endtime="20190321 13:49:52.468"></status>
</kw>
<kw name="Click Link" library="SeleniumLibrary">
<doc>Clicks a link identified by ``locator``.</doc>
<arguments>
<arg>//*[@href="/"]</arg>
</arguments>
<msg timestamp="20190321 13:49:52.469" level="INFO">Clicking link '//*[@href="/"]'.</msg>
<status status="PASS" starttime="20190321 13:49:52.469" endtime="20190321 13:49:52.962"></status>
</kw>
<kw name="Log To Console" library="BuiltIn">
<doc>Logs the given message to the console.</doc>
<arguments>
<arg>${i}</arg>
</arguments>
<status status="PASS" starttime="20190321 13:49:52.962" endtime="20190321 13:49:52.963"></status>
</kw>
<kw name="Log To Console" library="BuiltIn">
<doc>Logs the given message to the console.</doc>
<arguments>
<arg>====</arg>
</arguments>
<status status="PASS" starttime="20190321 13:49:52.963" endtime="20190321 13:49:52.963"></status>
</kw>
<status status="PASS" starttime="20190321 13:49:51.457" endtime="20190321 13:49:52.963"></status>
</kw>
<kw name="${i} = 2" type="foritem">
<kw name="Click Link" library="SeleniumLibrary">
<doc>Clicks a link identified by ``locator``.</doc>
<arguments>
<arg>//*[@href="/posts/${i}"]</arg>
</arguments>
<msg timestamp="20190321 13:49:52.964" level="INFO">Clicking link '//*[@href="/posts/2"]'.</msg>
<status status="PASS" starttime="20190321 13:49:52.963" endtime="20190321 13:49:53.452"></status>
</kw>
<kw name="Wait Until Element Is Visible" library="SeleniumLibrary">
<doc>Waits until element ``locator`` is visible.</doc>
<arguments>
<arg>//*[@href="/posts/${i}/like"]</arg>
</arguments>
<status status="PASS" starttime="20190321 13:49:53.452" endtime="20190321 13:49:53.474"></status>
</kw>
<kw name="Click Link" library="SeleniumLibrary">
<doc>Clicks a link identified by ``locator``.</doc>
<arguments>
<arg>//*[@href="/posts/${i}/like"]</arg>
</arguments>
<msg timestamp="20190321 13:49:53.475" level="INFO">Clicking link '//*[@href="/posts/2/like"]'.</msg>
<status status="PASS" starttime="20190321 13:49:53.474" endtime="20190321 13:49:53.945"></status>
</kw>
<kw name="Click Link" library="SeleniumLibrary">
<doc>Clicks a link identified by ``locator``.</doc>
<arguments>
<arg>//*[@href="/"]</arg>
</arguments>
<msg timestamp="20190321 13:49:53.946" level="INFO">Clicking link '//*[@href="/"]'.</msg>
<status status="PASS" starttime="20190321 13:49:53.945" endtime="20190321 13:49:54.444"></status>
</kw>
<kw name="Log To Console" library="BuiltIn">
<doc>Logs the given message to the console.</doc>
<arguments>
<arg>${i}</arg>
</arguments>
<status status="PASS" starttime="20190321 13:49:54.444" endtime="20190321 13:49:54.444"></status>
</kw>
<kw name="Log To Console" library="BuiltIn">
<doc>Logs the given message to the console.</doc>
<arguments>
<arg>====</arg>
</arguments>
<status status="PASS" starttime="20190321 13:49:54.445" endtime="20190321 13:49:54.445"></status>
</kw>
<status status="PASS" starttime="20190321 13:49:52.963" endtime="20190321 13:49:54.445"></status>
</kw>
<kw name="${i} = 3" type="foritem">
<kw name="Click Link" library="SeleniumLibrary">
<doc>Clicks a link identified by ``locator``.</doc>
<arguments>
<arg>//*[@href="/posts/${i}"]</arg>
</arguments>
<msg timestamp="20190321 13:49:54.446" level="INFO">Clicking link '//*[@href="/posts/3"]'.</msg>
<status status="PASS" starttime="20190321 13:49:54.445" endtime="20190321 13:49:54.925"></status>
</kw>
<kw name="Wait Until Element Is Visible" library="SeleniumLibrary">
<doc>Waits until element ``locator`` is visible.</doc>
<arguments>
<arg>//*[@href="/posts/${i}/like"]</arg>
</arguments>
<status status="PASS" starttime="20190321 13:49:54.926" endtime="20190321 13:49:54.947"></status>
</kw>
<kw name="Click Link" library="SeleniumLibrary">
<doc>Clicks a link identified by ``locator``.</doc>
<arguments>
<arg>//*[@href="/posts/${i}/like"]</arg>
</arguments>
<msg timestamp="20190321 13:49:54.947" level="INFO">Clicking link '//*[@href="/posts/3/like"]'.</msg>
<status status="PASS" starttime="20190321 13:49:54.947" endtime="20190321 13:49:55.413"></status>
</kw>
<kw name="Click Link" library="SeleniumLibrary">
<doc>Clicks a link identified by ``locator``.</doc>
<arguments>
<arg>//*[@href="/"]</arg>
</arguments>
<msg timestamp="20190321 13:49:55.413" level="INFO">Clicking link '//*[@href="/"]'.</msg>
<status status="PASS" starttime="20190321 13:49:55.413" endtime="20190321 13:49:55.921"></status>
</kw>
<kw name="Log To Console" library="BuiltIn">
<doc>Logs the given message to the console.</doc>
<arguments>
<arg>${i}</arg>
</arguments>
<status status="PASS" starttime="20190321 13:49:55.921" endtime="20190321 13:49:55.922"></status>
</kw>
<kw name="Log To Console" library="BuiltIn">
<doc>Logs the given message to the console.</doc>
<arguments>
<arg>====</arg>
</arguments>
<status status="PASS" starttime="20190321 13:49:55.922" endtime="20190321 13:49:55.922"></status>
</kw>
<status status="PASS" starttime="20190321 13:49:54.445" endtime="20190321 13:49:55.922"></status>
</kw>
<kw name="${i} = 4" type="foritem">
<kw name="Click Link" library="SeleniumLibrary">
<doc>Clicks a link identified by ``locator``.</doc>
<arguments>
<arg>//*[@href="/posts/${i}"]</arg>
</arguments>
<msg timestamp="20190321 13:49:55.923" level="INFO">Clicking link '//*[@href="/posts/4"]'.</msg>
<status status="PASS" starttime="20190321 13:49:55.923" endtime="20190321 13:49:56.401"></status>
</kw>
<kw name="Wait Until Element Is Visible" library="SeleniumLibrary">
<doc>Waits until element ``locator`` is visible.</doc>
<arguments>
<arg>//*[@href="/posts/${i}/like"]</arg>
</arguments>
<status status="PASS" starttime="20190321 13:49:56.401" endtime="20190321 13:49:56.424"></status>
</kw>
<kw name="Click Link" library="SeleniumLibrary">
<doc>Clicks a link identified by ``locator``.</doc>
<arguments>
<arg>//*[@href="/posts/${i}/like"]</arg>
</arguments>
<msg timestamp="20190321 13:49:56.424" level="INFO">Clicking link '//*[@href="/posts/4/like"]'.</msg>
<status status="PASS" starttime="20190321 13:49:56.424" endtime="20190321 13:49:56.922"></status>
</kw>
<kw name="Click Link" library="SeleniumLibrary">
<doc>Clicks a link identified by ``locator``.</doc>
<arguments>
<arg>//*[@href="/"]</arg>
</arguments>
<msg timestamp="20190321 13:49:56.923" level="INFO">Clicking link '//*[@href="/"]'.</msg>
<status status="PASS" starttime="20190321 13:49:56.922" endtime="20190321 13:50:02.616"></status>
</kw>
<kw name="Log To Console" library="BuiltIn">
<doc>Logs the given message to the console.</doc>
<arguments>
<arg>${i}</arg>
</arguments>
<status status="PASS" starttime="20190321 13:50:02.617" endtime="20190321 13:50:02.617"></status>
</kw>
<kw name="Log To Console" library="BuiltIn">
<doc>Logs the given message to the console.</doc>
<arguments>
<arg>====</arg>
</arguments>
<status status="PASS" starttime="20190321 13:50:02.617" endtime="20190321 13:50:02.618"></status>
</kw>
<status status="PASS" starttime="20190321 13:49:55.923" endtime="20190321 13:50:02.618"></status>
</kw>
<kw name="${i} = 5" type="foritem">
<kw name="Click Link" library="SeleniumLibrary">
<doc>Clicks a link identified by ``locator``.</doc>
<arguments>
<arg>//*[@href="/posts/${i}"]</arg>
</arguments>
<msg timestamp="20190321 13:50:02.618" level="INFO">Clicking link '//*[@href="/posts/5"]'.</msg>
<status status="PASS" starttime="20190321 13:50:02.618" endtime="20190321 13:50:03.114"></status>
</kw>
<kw name="Wait Until Element Is Visible" library="SeleniumLibrary">
<doc>Waits until element ``locator`` is visible.</doc>
<arguments>
<arg>//*[@href="/posts/${i}/like"]</arg>
</arguments>
<status status="PASS" starttime="20190321 13:50:03.114" endtime="20190321 13:50:03.137"></status>
</kw>
<kw name="Click Link" library="SeleniumLibrary">
<doc>Clicks a link identified by ``locator``.</doc>
<arguments>
<arg>//*[@href="/posts/${i}/like"]</arg>
</arguments>
<msg timestamp="20190321 13:50:03.138" level="INFO">Clicking link '//*[@href="/posts/5/like"]'.</msg>
<status status="PASS" starttime="20190321 13:50:03.137" endtime="20190321 13:50:03.611"></status>
</kw>
<kw name="Click Link" library="SeleniumLibrary">
<doc>Clicks a link identified by ``locator``.</doc>
<arguments>
<arg>//*[@href="/"]</arg>
</arguments>
<msg timestamp="20190321 13:50:03.611" level="INFO">Clicking link '//*[@href="/"]'.</msg>
<status status="PASS" starttime="20190321 13:50:03.611" endtime="20190321 13:50:04.110"></status>
</kw>
<kw name="Log To Console" library="BuiltIn">
<doc>Logs the given message to the console.</doc>
<arguments>
<arg>${i}</arg>
</arguments>
<status status="PASS" starttime="20190321 13:50:04.110" endtime="20190321 13:50:04.111"></status>
</kw>
<kw name="Log To Console" library="BuiltIn">
<doc>Logs the given message to the console.</doc>
<arguments>
<arg>====</arg>
</arguments>
<status status="PASS" starttime="20190321 13:50:04.111" endtime="20190321 13:50:04.111"></status>
</kw>
<status status="PASS" starttime="20190321 13:50:02.618" endtime="20190321 13:50:04.111"></status>
</kw>
<kw name="${i} = 6" type="foritem">
<kw name="Click Link" library="SeleniumLibrary">
<doc>Clicks a link identified by ``locator``.</doc>
<arguments>
<arg>//*[@href="/posts/${i}"]</arg>
</arguments>
<msg timestamp="20190321 13:50:04.111" level="INFO">Clicking link '//*[@href="/posts/6"]'.</msg>
<status status="PASS" starttime="20190321 13:50:04.111" endtime="20190321 13:50:04.587"></status>
</kw>
<kw name="Wait Until Element Is Visible" library="SeleniumLibrary">
<doc>Waits until element ``locator`` is visible.</doc>
<arguments>
<arg>//*[@href="/posts/${i}/like"]</arg>
</arguments>
<status status="PASS" starttime="20190321 13:50:04.587" endtime="20190321 13:50:04.617"></status>
</kw>
<kw name="Click Link" library="SeleniumLibrary">
<doc>Clicks a link identified by ``locator``.</doc>
<arguments>
<arg>//*[@href="/posts/${i}/like"]</arg>
</arguments>
<msg timestamp="20190321 13:50:04.618" level="INFO">Clicking link '//*[@href="/posts/6/like"]'.</msg>
<status status="PASS" starttime="20190321 13:50:04.618" endtime="20190321 13:50:05.084"></status>
</kw>
<kw name="Click Link" library="SeleniumLibrary">
<doc>Clicks a link identified by ``locator``.</doc>
<arguments>
<arg>//*[@href="/"]</arg>
</arguments>
<msg timestamp="20190321 13:50:05.084" level="INFO">Clicking link '//*[@href="/"]'.</msg>
<status status="PASS" starttime="20190321 13:50:05.084" endtime="20190321 13:50:05.600"></status>
</kw>
<kw name="Log To Console" library="BuiltIn">
<doc>Logs the given message to the console.</doc>
<arguments>
<arg>${i}</arg>
</arguments>
<status status="PASS" starttime="20190321 13:50:05.600" endtime="20190321 13:50:05.601"></status>
</kw>
<kw name="Log To Console" library="BuiltIn">
<doc>Logs the given message to the console.</doc>
<arguments>
<arg>====</arg>
</arguments>
<status status="PASS" starttime="20190321 13:50:05.601" endtime="20190321 13:50:05.602"></status>
</kw>
<status status="PASS" starttime="20190321 13:50:04.111" endtime="20190321 13:50:05.602"></status>
</kw>
<kw name="${i} = 7" type="foritem">
<kw name="Click Link" library="SeleniumLibrary">
<doc>Clicks a link identified by ``locator``.</doc>
<arguments>
<arg>//*[@href="/posts/${i}"]</arg>
</arguments>
<msg timestamp="20190321 13:50:05.602" level="INFO">Clicking link '//*[@href="/posts/7"]'.</msg>
<status status="PASS" starttime="20190321 13:50:05.602" endtime="20190321 13:50:06.211"></status>
</kw>
<kw name="Wait Until Element Is Visible" library="SeleniumLibrary">
<doc>Waits until element ``locator`` is visible.</doc>
<arguments>
<arg>//*[@href="/posts/${i}/like"]</arg>
</arguments>
<status status="PASS" starttime="20190321 13:50:06.211" endtime="20190321 13:50:06.235"></status>
</kw>
<kw name="Click Link" library="SeleniumLibrary">
<doc>Clicks a link identified by ``locator``.</doc>
<arguments>
<arg>//*[@href="/posts/${i}/like"]</arg>
</arguments>
<msg timestamp="20190321 13:50:06.236" level="INFO">Clicking link '//*[@href="/posts/7/like"]'.</msg>
<status status="PASS" starttime="20190321 13:50:06.236" endtime="20190321 13:50:11.870"></status>
</kw>
<kw name="Click Link" library="SeleniumLibrary">
<doc>Clicks a link identified by ``locator``.</doc>
<arguments>
<arg>//*[@href="/"]</arg>
</arguments>
<msg timestamp="20190321 13:50:11.870" level="INFO">Clicking link '//*[@href="/"]'.</msg>
<status status="PASS" starttime="20190321 13:50:11.870" endtime="20190321 13:50:17.471"></status>
</kw>
<kw name="Log To Console" library="BuiltIn">
<doc>Logs the given message to the console.</doc>
<arguments>
<arg>${i}</arg>
</arguments>
<status status="PASS" starttime="20190321 13:50:17.471" endtime="20190321 13:50:17.472"></status>
</kw>
<kw name="Log To Console" library="BuiltIn">
<doc>Logs the given message to the console.</doc>
<arguments>
<arg>====</arg>
</arguments>
<status status="PASS" starttime="20190321 13:50:17.472" endtime="20190321 13:50:17.472"></status>
</kw>
<status status="PASS" starttime="20190321 13:50:05.602" endtime="20190321 13:50:17.473"></status>
</kw>
<kw name="${i} = 8" type="foritem">
<kw name="Click Link" library="SeleniumLibrary">
<doc>Clicks a link identified by ``locator``.</doc>
<arguments>
<arg>//*[@href="/posts/${i}"]</arg>
</arguments>
<msg timestamp="20190321 13:50:17.473" level="INFO">Clicking link '//*[@href="/posts/8"]'.</msg>
<status status="PASS" starttime="20190321 13:50:17.473" endtime="20190321 13:50:21.689"></status>
</kw>
<kw name="Wait Until Element Is Visible" library="SeleniumLibrary">
<doc>Waits until element ``locator`` is visible.</doc>
<arguments>
<arg>//*[@href="/posts/${i}/like"]</arg>
</arguments>
<status status="PASS" starttime="20190321 13:50:21.689" endtime="20190321 13:50:21.711"></status>
</kw>
<kw name="Click Link" library="SeleniumLibrary">
<doc>Clicks a link identified by ``locator``.</doc>
<arguments>
<arg>//*[@href="/posts/${i}/like"]</arg>
</arguments>
<msg timestamp="20190321 13:50:21.712" level="INFO">Clicking link '//*[@href="/posts/8/like"]'.</msg>
<status status="PASS" starttime="20190321 13:50:21.712" endtime="20190321 13:50:22.213"></status>
</kw>
<kw name="Click Link" library="SeleniumLibrary">
<doc>Clicks a link identified by ``locator``.</doc>
<arguments>
<arg>//*[@href="/"]</arg>
</arguments>
<msg timestamp="20190321 13:50:22.213" level="INFO">Clicking link '//*[@href="/"]'.</msg>
<status status="PASS" starttime="20190321 13:50:22.213" endtime="20190321 13:50:22.697"></status>
</kw>
<kw name="Log To Console" library="BuiltIn">
<doc>Logs the given message to the console.</doc>
<arguments>
<arg>${i}</arg>
</arguments>
<status status="PASS" starttime="20190321 13:50:22.698" endtime="20190321 13:50:22.698"></status>
</kw>
<kw name="Log To Console" library="BuiltIn">
<doc>Logs the given message to the console.</doc>
<arguments>
<arg>====</arg>
</arguments>
<status status="PASS" starttime="20190321 13:50:22.698" endtime="20190321 13:50:22.699"></status>
</kw>
<status status="PASS" starttime="20190321 13:50:17.473" endtime="20190321 13:50:22.699"></status>
</kw>
<kw name="${i} = 9" type="foritem">
<kw name="Click Link" library="SeleniumLibrary">
<doc>Clicks a link identified by ``locator``.</doc>
<arguments>
<arg>//*[@href="/posts/${i}"]</arg>
</arguments>
<msg timestamp="20190321 13:50:22.699" level="INFO">Clicking link '//*[@href="/posts/9"]'.</msg>
<status status="PASS" starttime="20190321 13:50:22.699" endtime="20190321 13:50:23.166"></status>
</kw>
<kw name="Wait Until Element Is Visible" library="SeleniumLibrary">
<doc>Waits until element ``locator`` is visible.</doc>
<arguments>
<arg>//*[@href="/posts/${i}/like"]</arg>
</arguments>
<status status="PASS" starttime="20190321 13:50:23.166" endtime="20190321 13:50:23.187"></status>
</kw>
<kw name="Click Link" library="SeleniumLibrary">
<doc>Clicks a link identified by ``locator``.</doc>
<arguments>
<arg>//*[@href="/posts/${i}/like"]</arg>
</arguments>
<msg timestamp="20190321 13:50:23.188" level="INFO">Clicking link '//*[@href="/posts/9/like"]'.</msg>
<status status="PASS" starttime="20190321 13:50:23.187" endtime="20190321 13:50:23.670"></status>
</kw>
<kw name="Click Link" library="SeleniumLibrary">
<doc>Clicks a link identified by ``locator``.</doc>
<arguments>
<arg>//*[@href="/"]</arg>
</arguments>
<msg timestamp="20190321 13:50:23.671" level="INFO">Clicking link '//*[@href="/"]'.</msg>
<status status="PASS" starttime="20190321 13:50:23.670" endtime="20190321 13:50:24.166"></status>
</kw>
<kw name="Log To Console" library="BuiltIn">
<doc>Logs the given message to the console.</doc>
<arguments>
<arg>${i}</arg>
</arguments>
<status status="PASS" starttime="20190321 13:50:24.167" endtime="20190321 13:50:24.167"></status>
</kw>
<kw name="Log To Console" library="BuiltIn">
<doc>Logs the given message to the console.</doc>
<arguments>
<arg>====</arg>
</arguments>
<status status="PASS" starttime="20190321 13:50:24.167" endtime="20190321 13:50:24.168"></status>
</kw>
<status status="PASS" starttime="20190321 13:50:22.699" endtime="20190321 13:50:24.168"></status>
</kw>
<kw name="${i} = 10" type="foritem">
<kw name="Click Link" library="SeleniumLibrary">
<doc>Clicks a link identified by ``locator``.</doc>
<arguments>
<arg>//*[@href="/posts/${i}"]</arg>
</arguments>
<msg timestamp="20190321 13:50:24.168" level="INFO">Clicking link '//*[@href="/posts/10"]'.</msg>
<status status="PASS" starttime="20190321 13:50:24.168" endtime="20190321 13:50:24.640"></status>
</kw>
<kw name="Wait Until Element Is Visible" library="SeleniumLibrary">
<doc>Waits until element ``locator`` is visible.</doc>
<arguments>
<arg>//*[@href="/posts/${i}/like"]</arg>
</arguments>
<status status="PASS" starttime="20190321 13:50:24.640" endtime="20190321 13:50:24.661"></status>
</kw>
<kw name="Click Link" library="SeleniumLibrary">
<doc>Clicks a link identified by ``locator``.</doc>
<arguments>
<arg>//*[@href="/posts/${i}/like"]</arg>
</arguments>
<msg timestamp="20190321 13:50:24.662" level="INFO">Clicking link '//*[@href="/posts/10/like"]'.</msg>
<status status="PASS" starttime="20190321 13:50:24.662" endtime="20190321 13:50:25.142"></status>
</kw>
<kw name="Click Link" library="SeleniumLibrary">
<doc>Clicks a link identified by ``locator``.</doc>
<arguments>
<arg>//*[@href="/"]</arg>
</arguments>
<msg timestamp="20190321 13:50:25.142" level="INFO">Clicking link '//*[@href="/"]'.</msg>
<status status="PASS" starttime="20190321 13:50:25.142" endtime="20190321 13:50:25.633"></status>
</kw>
<kw name="Log To Console" library="BuiltIn">
<doc>Logs the given message to the console.</doc>
<arguments>
<arg>${i}</arg>
</arguments>
<status status="PASS" starttime="20190321 13:50:25.633" endtime="20190321 13:50:25.634"></status>
</kw>
<kw name="Log To Console" library="BuiltIn">
<doc>Logs the given message to the console.</doc>
<arguments>
<arg>====</arg>
</arguments>
<status status="PASS" starttime="20190321 13:50:25.634" endtime="20190321 13:50:25.634"></status>
</kw>
<status status="PASS" starttime="20190321 13:50:24.168" endtime="20190321 13:50:25.634"></status>
</kw>
<kw name="${i} = 11" type="foritem">
<kw name="Click Link" library="SeleniumLibrary">
<doc>Clicks a link identified by ``locator``.</doc>
<arguments>
<arg>//*[@href="/posts/${i}"]</arg>
</arguments>
<msg timestamp="20190321 13:50:25.635" level="INFO">Clicking link '//*[@href="/posts/11"]'.</msg>
<status status="PASS" starttime="20190321 13:50:25.634" endtime="20190321 13:50:26.118"></status>
</kw>
<kw name="Wait Until Element Is Visible" library="SeleniumLibrary">
<doc>Waits until element ``locator`` is visible.</doc>
<arguments>
<arg>//*[@href="/posts/${i}/like"]</arg>
</arguments>
<status status="PASS" starttime="20190321 13:50:26.118" endtime="20190321 13:50:26.139"></status>
</kw>
<kw name="Click Link" library="SeleniumLibrary">
<doc>Clicks a link identified by ``locator``.</doc>
<arguments>
<arg>//*[@href="/posts/${i}/like"]</arg>
</arguments>
<msg timestamp="20190321 13:50:26.140" level="INFO">Clicking link '//*[@href="/posts/11/like"]'.</msg>
<status status="PASS" starttime="20190321 13:50:26.140" endtime="20190321 13:50:26.612"></status>
</kw>
<kw name="Click Link" library="SeleniumLibrary">
<doc>Clicks a link identified by ``locator``.</doc>
<arguments>
<arg>//*[@href="/"]</arg>
</arguments>
<msg timestamp="20190321 13:50:26.613" level="INFO">Clicking link '//*[@href="/"]'.</msg>
<status status="PASS" starttime="20190321 13:50:26.613" endtime="20190321 13:50:27.096"></status>
</kw>
<kw name="Log To Console" library="BuiltIn">
<doc>Logs the given message to the console.</doc>
<arguments>
<arg>${i}</arg>
</arguments>
<status status="PASS" starttime="20190321 13:50:27.096" endtime="20190321 13:50:27.096"></status>
</kw>
<kw name="Log To Console" library="BuiltIn">
<doc>Logs the given message to the console.</doc>
<arguments>
<arg>====</arg>
</arguments>
<status status="PASS" starttime="20190321 13:50:27.097" endtime="20190321 13:50:27.097"></status>
</kw>
<status status="PASS" starttime="20190321 13:50:25.634" endtime="20190321 13:50:27.097"></status>
</kw>
<status status="PASS" starttime="20190321 13:49:51.456" endtime="20190321 13:50:27.097"></status>
</kw>
<status status="PASS" starttime="20190321 13:49:51.436" endtime="20190321 13:50:27.097" critical="yes"></status>
</test>
<kw name="Close All Browsers" library="SeleniumLibrary" type="teardown">
<doc>Closes all open browsers and resets the browser cache.</doc>
<status status="PASS" starttime="20190321 13:50:27.098" endtime="20190321 13:50:27.174"></status>
</kw>
<doc>This is test case</doc>
<status status="PASS" starttime="20190321 13:49:29.785" endtime="20190321 13:50:27.174"></status>
</suite>
<statistics>
<total>
<stat pass="5" fail="0">Critical Tests</stat>
<stat pass="5" fail="0">All Tests</stat>
</total>
<tag>
</tag>
<suite>
<stat pass="5" fail="0" id="s1" name="Local-Serv2">Local-Serv2</stat>
</suite>
</statistics>
<errors>
</errors>
</robot>
